<?xml version="1.0" encoding="UTF-8"?>
<!-- Generated by org.testng.reporters.JUnitReportReporter -->
<testsuite skipped="0" hostname="my-PC" name="qaclickacademy.SouravMaven.RESTAPI" tests="2" failures="0" timestamp="23 Oct 2020 04:55:38 GMT" time="0.008" errors="0">
  <testcase name="DeleteTwitter" time="0.008" classname="qaclickacademy.SouravMaven.RESTAPI"/>
  <testcase name="PostJIRA" time="0.000" classname="qaclickacademy.SouravMaven.RESTAPI"/>
</testsuite> <!-- qaclickacademy.SouravMaven.RESTAPI -->
