<?xml version="1.0" encoding="UTF-8"?>
<!-- Generated by org.testng.reporters.JUnitReportReporter -->
<testsuite skipped="0" hostname="my-PC" name="qaclickacademy.SouravMaven.SeleniumTest" tests="2" failures="0" timestamp="23 Oct 2020 04:57:06 GMT" time="0.007" errors="0">
  <testcase name="ElementsUI" time="0.000" classname="qaclickacademy.SouravMaven.SeleniumTest"/>
  <testcase name="BrowserAutomation" time="0.007" classname="qaclickacademy.SouravMaven.SeleniumTest"/>
</testsuite> <!-- qaclickacademy.SouravMaven.SeleniumTest -->
